# JRE version: OpenJDK Runtime Environment (17.0.10) (build 17.0.10+0--11572160)
# Java VM: OpenJDK 64-Bit Server VM (17.0.10+0--11572160, mixed mode, tiered, compressed oops, compressed class ptrs, g1 gc, windows-amd64)
GC Precious Log:
 CPUs: 20 total, 20 available
 Memory: 16110M
 Large Page Support: Disabled
 NUMA Support: Disabled
 Compressed Oops: Enabled (32-bit)
 Heap Region Size: 1M
 Heap Min Capacity: 8M
 Heap Initial Capacity: 252M
 Heap Max Capacity: 2G
 Pre-touch: Disabled
 Parallel Workers: 15
 Concurrent Workers: 4
 Concurrent Refinement Workers: 15
 Periodic GC: Disabled
Heap:
 garbage-first heap   total 333824K, used 143994K [0x0000000080000000, 0x0000000100000000)
  region size 1024K, 6 young (6144K), 6 survivors (6144K)
 Metaspace       used 130090K, committed 131136K, reserved 1179648K
  class space    used 17023K, committed 17536K, reserved 1048576K
GC Heap History (20 events):
Event: 122.310 GC heap after
{Heap after GC invocations=57 (full 0):
 garbage-first heap   total 333824K, used 172354K [0x0000000080000000, 0x0000000100000000)
  region size 1024K, 2 young (2048K), 2 survivors (2048K)
 Metaspace       used 125820K, committed 126784K, reserved 1179648K
  class space    used 16698K, committed 17152K, reserved 1048576K
}
Event: 122.472 GC heap before
{Heap before GC invocations=57 (full 0):
 garbage-first heap   total 333824K, used 194882K [0x0000000080000000, 0x0000000100000000)
  region size 1024K, 25 young (25600K), 2 survivors (2048K)
 Metaspace       used 125855K, committed 126784K, reserved 1179648K
  class space    used 16698K, committed 17152K, reserved 1048576K
}
Event: 122.478 GC heap after
{Heap after GC invocations=58 (full 0):
 garbage-first heap   total 333824K, used 182271K [0x0000000080000000, 0x0000000100000000)
  region size 1024K, 11 young (11264K), 11 survivors (11264K)
 Metaspace       used 125855K, committed 126784K, reserved 1179648K
  class space    used 16698K, committed 17152K, reserved 1048576K
}
Event: 123.436 GC heap before
{Heap before GC invocations=59 (full 0):
 garbage-first heap   total 333824K, used 271359K [0x0000000080000000, 0x0000000100000000)
  region size 1024K, 71 young (72704K), 11 survivors (11264K)
 Metaspace       used 126061K, committed 127040K, reserved 1179648K
  class space    used 16712K, committed 17152K, reserved 1048576K
}
Event: 123.449 GC heap after
{Heap after GC invocations=60 (full 0):
 garbage-first heap   total 333824K, used 184128K [0x0000000080000000, 0x0000000100000000)
  region size 1024K, 9 young (9216K), 9 survivors (9216K)
 Metaspace       used 126061K, committed 127040K, reserved 1179648K
  class space    used 16712K, committed 17152K, reserved 1048576K
}
Event: 123.461 GC heap before
{Heap before GC invocations=60 (full 0):
 garbage-first heap   total 333824K, used 191296K [0x0000000080000000, 0x0000000100000000)
  region size 1024K, 16 young (16384K), 9 survivors (9216K)
 Metaspace       used 126061K, committed 127040K, reserved 1179648K
  class space    used 16712K, committed 17152K, reserved 1048576K
}
Event: 123.477 GC heap after
{Heap after GC invocations=61 (full 0):
 garbage-first heap   total 333824K, used 168647K [0x0000000080000000, 0x0000000100000000)
  region size 1024K, 2 young (2048K), 2 survivors (2048K)
 Metaspace       used 126061K, committed 127040K, reserved 1179648K
  class space    used 16712K, committed 17152K, reserved 1048576K
}
Event: 123.648 GC heap before
{Heap before GC invocations=61 (full 0):
 garbage-first heap   total 333824K, used 207559K [0x0000000080000000, 0x0000000100000000)
  region size 1024K, 41 young (41984K), 2 survivors (2048K)
 Metaspace       used 126120K, committed 127040K, reserved 1179648K
  class space    used 16713K, committed 17152K, reserved 1048576K
}
Event: 123.650 GC heap after
{Heap after GC invocations=62 (full 0):
 garbage-first heap   total 333824K, used 168882K [0x0000000080000000, 0x0000000100000000)
  region size 1024K, 2 young (2048K), 2 survivors (2048K)
 Metaspace       used 126120K, committed 127040K, reserved 1179648K
  class space    used 16713K, committed 17152K, reserved 1048576K
}
Event: 787.139 GC heap before
{Heap before GC invocations=63 (full 0):
 garbage-first heap   total 333824K, used 256946K [0x0000000080000000, 0x0000000100000000)
  region size 1024K, 84 young (86016K), 2 survivors (2048K)
 Metaspace       used 126492K, committed 127488K, reserved 1179648K
  class space    used 16726K, committed 17216K, reserved 1048576K
}
Event: 787.218 GC heap after
{Heap after GC invocations=64 (full 0):
 garbage-first heap   total 333824K, used 160226K [0x0000000080000000, 0x0000000100000000)
  region size 1024K, 8 young (8192K), 8 survivors (8192K)
 Metaspace       used 126492K, committed 127488K, reserved 1179648K
  class space    used 16726K, committed 17216K, reserved 1048576K
}
Event: 787.456 GC heap before
{Heap before GC invocations=64 (full 0):
 garbage-first heap   total 333824K, used 168418K [0x0000000080000000, 0x0000000100000000)
  region size 1024K, 16 young (16384K), 8 survivors (8192K)
 Metaspace       used 126564K, committed 127552K, reserved 1179648K
  class space    used 16731K, committed 17216K, reserved 1048576K
}
Event: 787.502 GC heap after
{Heap after GC invocations=65 (full 0):
 garbage-first heap   total 333824K, used 153522K [0x0000000080000000, 0x0000000100000000)
  region size 1024K, 2 young (2048K), 2 survivors (2048K)
 Metaspace       used 126564K, committed 127552K, reserved 1179648K
  class space    used 16731K, committed 17216K, reserved 1048576K
}
Event: 787.813 GC heap before
{Heap before GC invocations=65 (full 0):
 garbage-first heap   total 333824K, used 176050K [0x0000000080000000, 0x0000000100000000)
  region size 1024K, 25 young (25600K), 2 survivors (2048K)
 Metaspace       used 126599K, committed 127616K, reserved 1179648K
  class space    used 16733K, committed 17216K, reserved 1048576K
}
Event: 787.833 GC heap after
{Heap after GC invocations=66 (full 0):
 garbage-first heap   total 333824K, used 156042K [0x0000000080000000, 0x0000000100000000)
  region size 1024K, 5 young (5120K), 5 survivors (5120K)
 Metaspace       used 126599K, committed 127616K, reserved 1179648K
  class space    used 16733K, committed 17216K, reserved 1048576K
}
Event: 789.324 GC heap before
{Heap before GC invocations=67 (full 0):
 garbage-first heap   total 333824K, used 292234K [0x0000000080000000, 0x0000000100000000)
  region size 1024K, 100 young (102400K), 5 survivors (5120K)
 Metaspace       used 126981K, committed 127936K, reserved 1179648K
  class space    used 16762K, committed 17216K, reserved 1048576K
}
Event: 789.340 GC heap after
{Heap after GC invocations=68 (full 0):
 garbage-first heap   total 333824K, used 157415K [0x0000000080000000, 0x0000000100000000)
  region size 1024K, 6 young (6144K), 6 survivors (6144K)
 Metaspace       used 126981K, committed 127936K, reserved 1179648K
  class space    used 16762K, committed 17216K, reserved 1048576K
}
Event: 789.492 GC heap before
{Heap before GC invocations=68 (full 0):
 garbage-first heap   total 333824K, used 166631K [0x0000000080000000, 0x0000000100000000)
  region size 1024K, 16 young (16384K), 6 survivors (6144K)
 Metaspace       used 127362K, committed 128384K, reserved 1179648K
  class space    used 16784K, committed 17280K, reserved 1048576K
}
Event: 789.518 GC heap after
{Heap after GC invocations=69 (full 0):
 garbage-first heap   total 333824K, used 139912K [0x0000000080000000, 0x0000000100000000)
  region size 1024K, 2 young (2048K), 2 survivors (2048K)
 Metaspace       used 127362K, committed 128384K, reserved 1179648K
  class space    used 16784K, committed 17280K, reserved 1048576K
}
Event: 790.746 GC heap before
{Heap before GC invocations=69 (full 0):
 garbage-first heap   total 333824K, used 257672K [0x0000000080000000, 0x0000000100000000)
  region size 1024K, 118 young (120832K), 2 survivors (2048K)
 Metaspace       used 130090K, committed 131136K, reserved 1179648K
  class space    used 17023K, committed 17536K, reserved 1048576K
}

